{"uuid":"096d4791-2b9c-484a-8515-5bd351ee0d64","historyId":"37dd70e2517fc2b2c62b5cd0df5a767d","testCaseId":"7c84d469fb7821d8aeaf6e51d0a1c8c0","fullName":"FeatureFiles/AdminModul.feature:4","labels":[{"name":"host","value":"DESKTOP-8DVEF5U"},{"name":"thread","value":"10256@DESKTOP-8DVEF5U.main(1)"},{"name":"feature","value":"This is Admin module feature scenarios"},{"name":"story","value":"Verify the Add user scenario in the admin page"},{"name":"suite","value":"This is Admin module feature scenarios"},{"name":"testClass","value":"Verify the Add user scenario in the admin page"},{"name":"framework","value":"cucumber4jvm"},{"name":"language","value":"java"},{"name":"gherkin_uri","value":"file:///C:/Users/River/eclipse-workspace/org.OrangeHrmNew/FeatureFiles/AdminModul.feature"},{"name":"package","value":"FeatureFiles.AdminModul_feature.This is Admin module feature scenarios"}],"links":[],"name":"Verify the Add user scenario in the admin page","status":"failed","statusDetails":{"known":false,"muted":false,"flaky":false,"message":"expected [Admin] but found [suman]","trace":"java.lang.AssertionError: expected [Admin] but found [suman]\r\n\tat org.testng.Assert.fail(Assert.java:110)\r\n\tat org.testng.Assert.failNotEquals(Assert.java:1413)\r\n\tat org.testng.Assert.assertEqualsImpl(Assert.java:149)\r\n\tat org.testng.Assert.assertEquals(Assert.java:131)\r\n\tat org.testng.Assert.assertEquals(Assert.java:655)\r\n\tat org.testng.Assert.assertEquals(Assert.java:665)\r\n\tat HelperClass.AssertHelper.assertTwoString(AssertHelper.java:20)\r\n\tat pages.AdminPage.verifyTheSearchedUserInTheGrid(AdminPage.java:205)\r\n\tat stepsDefinitions.AdminSteps.verify_the_added_user_in_the_grid(AdminSteps.java:26)\r\n\tat ✽.Verify the added user in the grid(file:///C:/Users/River/eclipse-workspace/org.OrangeHrmNew/FeatureFiles/AdminModul.feature:8)\r\n"},"stage":"finished","steps":[{"name":"Given User launch browser and enter application url","status":"passed","statusDetails":{"known":false,"muted":false,"flaky":false},"stage":"finished","steps":[],"attachments":[],"parameters":[],"start":1750249702676,"stop":1750249711306},{"name":"When User enters valid user name and valid password and click login button","status":"passed","statusDetails":{"known":false,"muted":false,"flaky":false},"stage":"finished","steps":[],"attachments":[],"parameters":[],"start":1750249711311,"stop":1750249712314},{"name":"And Navigaates to adim page and add a user in the application","status":"passed","statusDetails":{"known":false,"muted":false,"flaky":false},"stage":"finished","steps":[],"attachments":[],"parameters":[],"start":1750249712315,"stop":1750249717128},{"name":"Then Verify the added user in the grid","status":"failed","statusDetails":{"known":false,"muted":false,"flaky":false,"message":"expected [Admin] but found [suman]","trace":"java.lang.AssertionError: expected [Admin] but found [suman]\r\n\tat org.testng.Assert.fail(Assert.java:110)\r\n\tat org.testng.Assert.failNotEquals(Assert.java:1413)\r\n\tat org.testng.Assert.assertEqualsImpl(Assert.java:149)\r\n\tat org.testng.Assert.assertEquals(Assert.java:131)\r\n\tat org.testng.Assert.assertEquals(Assert.java:655)\r\n\tat org.testng.Assert.assertEquals(Assert.java:665)\r\n\tat HelperClass.AssertHelper.assertTwoString(AssertHelper.java:20)\r\n\tat pages.AdminPage.verifyTheSearchedUserInTheGrid(AdminPage.java:205)\r\n\tat stepsDefinitions.AdminSteps.verify_the_added_user_in_the_grid(AdminSteps.java:26)\r\n\tat ✽.Verify the added user in the grid(file:///C:/Users/River/eclipse-workspace/org.OrangeHrmNew/FeatureFiles/AdminModul.feature:8)\r\n"},"stage":"finished","steps":[],"attachments":[],"parameters":[],"start":1750249717128,"stop":1750249724677}],"attachments":[],"parameters":[],"start":1750249702670,"stop":1750249725153}